<?xml version="1.0" encoding="UTF-8"?>
<testng-results skipped="0" failed="0" total="1" passed="1">
  <reporter-output>
  </reporter-output>
  <suite name="Suite" duration-ms="56605" started-at="2021-06-01T06:14:04Z" finished-at="2021-06-01T06:15:01Z">
    <groups>
    </groups>
    <test name="Test" duration-ms="56605" started-at="2021-06-01T06:14:04Z" finished-at="2021-06-01T06:15:01Z">
      <class name="com.pavan.businessscripts.SampleTest">
        <test-method status="PASS" signature="sampletest()[pri:0, instance:com.pavan.businessscripts.SampleTest@6ce139a4]" name="sampletest" duration-ms="56575" started-at="2021-06-01T11:44:04Z" finished-at="2021-06-01T11:45:01Z">
          <reporter-output>
          </reporter-output>
        </test-method> <!-- sampletest -->
      </class> <!-- com.pavan.businessscripts.SampleTest -->
    </test> <!-- Test -->
  </suite> <!-- Suite -->
</testng-results>
